<?xml version="1.0" encoding="UTF-8"?>
<testsuite xmlns:xsi="http://www.w3.org/2001/XMLSchema-instance" xsi:noNamespaceSchemaLocation="https://maven.apache.org/surefire/maven-surefire-plugin/xsd/surefire-test-report-3.0.xsd" version="3.0" name="TestRunner" time="19.211" tests="1" errors="0" skipped="0" failures="0">
  <properties>
    <property name="java.specification.version" value="17"/>
    <property name="webdriver.chrome.driver" value="/Users/jannatulnayeem/.cache/selenium/chromedriver/mac64/98.0.4758.80/chromedriver"/>
    <property name="sun.jnu.encoding" value="UTF-8"/>
    <property name="java.class.path" value="/Users/jannatulnayeem/Documents/QA_Automation/GitProject/CapitalOneBankBDDCucumberFramework_2022/CapitalOneBankBDDCucumberFramework_2022/target/test-classes:/Users/jannatulnayeem/Documents/QA_Automation/GitProject/CapitalOneBankBDDCucumberFramework_2022/CapitalOneBankBDDCucumberFramework_2022/target/classes:/Users/jannatulnayeem/.m2/repository/org/seleniumhq/selenium/selenium-java/3.141.59/selenium-java-3.141.59.jar:/Users/jannatulnayeem/.m2/repository/org/seleniumhq/selenium/selenium-api/3.141.59/selenium-api-3.141.59.jar:/Users/jannatulnayeem/.m2/repository/org/seleniumhq/selenium/selenium-chrome-driver/3.141.59/selenium-chrome-driver-3.141.59.jar:/Users/jannatulnayeem/.m2/repository/org/seleniumhq/selenium/selenium-edge-driver/3.141.59/selenium-edge-driver-3.141.59.jar:/Users/jannatulnayeem/.m2/repository/org/seleniumhq/selenium/selenium-firefox-driver/3.141.59/selenium-firefox-driver-3.141.59.jar:/Users/jannatulnayeem/.m2/repository/org/seleniumhq/selenium/selenium-ie-driver/3.141.59/selenium-ie-driver-3.141.59.jar:/Users/jannatulnayeem/.m2/repository/org/seleniumhq/selenium/selenium-opera-driver/3.141.59/selenium-opera-driver-3.141.59.jar:/Users/jannatulnayeem/.m2/repository/org/seleniumhq/selenium/selenium-remote-driver/3.141.59/selenium-remote-driver-3.141.59.jar:/Users/jannatulnayeem/.m2/repository/org/seleniumhq/selenium/selenium-safari-driver/3.141.59/selenium-safari-driver-3.141.59.jar:/Users/jannatulnayeem/.m2/repository/org/seleniumhq/selenium/selenium-support/3.141.59/selenium-support-3.141.59.jar:/Users/jannatulnayeem/.m2/repository/net/bytebuddy/byte-buddy/1.8.15/byte-buddy-1.8.15.jar:/Users/jannatulnayeem/.m2/repository/org/apache/commons/commons-exec/1.3/commons-exec-1.3.jar:/Users/jannatulnayeem/.m2/repository/com/google/guava/guava/25.0-jre/guava-25.0-jre.jar:/Users/jannatulnayeem/.m2/repository/com/google/code/findbugs/jsr305/1.3.9/jsr305-1.3.9.jar:/Users/jannatulnayeem/.m2/repository/org/checkerframework/checker-compat-qual/2.0.0/checker-compat-qual-2.0.0.jar:/Users/jannatulnayeem/.m2/repository/com/google/errorprone/error_prone_annotations/2.1.3/error_prone_annotations-2.1.3.jar:/Users/jannatulnayeem/.m2/repository/com/google/j2objc/j2objc-annotations/1.1/j2objc-annotations-1.1.jar:/Users/jannatulnayeem/.m2/repository/org/codehaus/mojo/animal-sniffer-annotations/1.14/animal-sniffer-annotations-1.14.jar:/Users/jannatulnayeem/.m2/repository/com/squareup/okhttp3/okhttp/3.11.0/okhttp-3.11.0.jar:/Users/jannatulnayeem/.m2/repository/com/squareup/okio/okio/1.14.0/okio-1.14.0.jar:/Users/jannatulnayeem/.m2/repository/io/cucumber/cucumber-java/6.10.0/cucumber-java-6.10.0.jar:/Users/jannatulnayeem/.m2/repository/io/cucumber/cucumber-core/6.10.0/cucumber-core-6.10.0.jar:/Users/jannatulnayeem/.m2/repository/io/cucumber/cucumber-gherkin/6.10.0/cucumber-gherkin-6.10.0.jar:/Users/jannatulnayeem/.m2/repository/io/cucumber/cucumber-gherkin-messages/6.10.0/cucumber-gherkin-messages-6.10.0.jar:/Users/jannatulnayeem/.m2/repository/io/cucumber/messages/14.0.1/messages-14.0.1.jar:/Users/jannatulnayeem/.m2/repository/io/cucumber/tag-expressions/3.0.0/tag-expressions-3.0.0.jar:/Users/jannatulnayeem/.m2/repository/io/cucumber/cucumber-expressions/10.3.0/cucumber-expressions-10.3.0.jar:/Users/jannatulnayeem/.m2/repository/io/cucumber/datatable/3.5.0/datatable-3.5.0.jar:/Users/jannatulnayeem/.m2/repository/io/cucumber/cucumber-plugin/6.10.0/cucumber-plugin-6.10.0.jar:/Users/jannatulnayeem/.m2/repository/io/cucumber/docstring/6.10.0/docstring-6.10.0.jar:/Users/jannatulnayeem/.m2/repository/io/cucumber/html-formatter/12.0.0/html-formatter-12.0.0.jar:/Users/jannatulnayeem/.m2/repository/io/cucumber/create-meta/3.0.0/create-meta-3.0.0.jar:/Users/jannatulnayeem/.m2/repository/org/apiguardian/apiguardian-api/1.1.1/apiguardian-api-1.1.1.jar:/Users/jannatulnayeem/.m2/repository/io/cucumber/cucumber-testng/6.10.0/cucumber-testng-6.10.0.jar:/Users/jannatulnayeem/.m2/repository/org/testng/testng/7.3.0/testng-7.3.0.jar:/Users/jannatulnayeem/.m2/repository/com/beust/jcommander/1.78/jcommander-1.78.jar:/Users/jannatulnayeem/.m2/repository/org/apache/ant/ant/1.10.3/ant-1.10.3.jar:/Users/jannatulnayeem/.m2/repository/org/apache/ant/ant-launcher/1.10.3/ant-launcher-1.10.3.jar:/Users/jannatulnayeem/.m2/repository/junit/junit/4.12/junit-4.12.jar:/Users/jannatulnayeem/.m2/repository/org/hamcrest/hamcrest-core/1.3/hamcrest-core-1.3.jar:/Users/jannatulnayeem/.m2/repository/com/google/inject/guice/4.2.2/guice-4.2.2-no_aop.jar:/Users/jannatulnayeem/.m2/repository/javax/inject/javax.inject/1/javax.inject-1.jar:/Users/jannatulnayeem/.m2/repository/aopalliance/aopalliance/1.0/aopalliance-1.0.jar:/Users/jannatulnayeem/.m2/repository/org/yaml/snakeyaml/1.21/snakeyaml-1.21.jar:/Users/jannatulnayeem/.m2/repository/io/github/bonigarcia/webdrivermanager/4.4.1/webdrivermanager-4.4.1.jar:/Users/jannatulnayeem/.m2/repository/org/slf4j/slf4j-api/1.7.30/slf4j-api-1.7.30.jar:/Users/jannatulnayeem/.m2/repository/commons-io/commons-io/2.8.0/commons-io-2.8.0.jar:/Users/jannatulnayeem/.m2/repository/com/google/code/gson/gson/2.8.6/gson-2.8.6.jar:/Users/jannatulnayeem/.m2/repository/org/apache/commons/commons-lang3/3.12.0/commons-lang3-3.12.0.jar:/Users/jannatulnayeem/.m2/repository/org/apache/httpcomponents/client5/httpclient5/5.0.3/httpclient5-5.0.3.jar:/Users/jannatulnayeem/.m2/repository/org/apache/httpcomponents/core5/httpcore5/5.0.2/httpcore5-5.0.2.jar:/Users/jannatulnayeem/.m2/repository/org/apache/httpcomponents/core5/httpcore5-h2/5.0.2/httpcore5-h2-5.0.2.jar:/Users/jannatulnayeem/.m2/repository/commons-codec/commons-codec/1.13/commons-codec-1.13.jar:/Users/jannatulnayeem/.m2/repository/org/rauschig/jarchivelib/1.1.0/jarchivelib-1.1.0.jar:/Users/jannatulnayeem/.m2/repository/org/apache/commons/commons-compress/1.20/commons-compress-1.20.jar:/Users/jannatulnayeem/.m2/repository/org/jsoup/jsoup/1.13.1/jsoup-1.13.1.jar:/Users/jannatulnayeem/.m2/repository/net/masterthought/maven-cucumber-reporting/2.8.0/maven-cucumber-reporting-2.8.0.jar:/Users/jannatulnayeem/.m2/repository/org/apache/maven/maven-plugin-api/3.3.9/maven-plugin-api-3.3.9.jar:/Users/jannatulnayeem/.m2/repository/org/apache/maven/maven-model/3.3.9/maven-model-3.3.9.jar:/Users/jannatulnayeem/.m2/repository/org/apache/maven/maven-artifact/3.3.9/maven-artifact-3.3.9.jar:/Users/jannatulnayeem/.m2/repository/org/eclipse/sisu/org.eclipse.sisu.plexus/0.3.2/org.eclipse.sisu.plexus-0.3.2.jar:/Users/jannatulnayeem/.m2/repository/javax/enterprise/cdi-api/1.0/cdi-api-1.0.jar:/Users/jannatulnayeem/.m2/repository/javax/annotation/jsr250-api/1.0/jsr250-api-1.0.jar:/Users/jannatulnayeem/.m2/repository/org/eclipse/sisu/org.eclipse.sisu.inject/0.3.2/org.eclipse.sisu.inject-0.3.2.jar:/Users/jannatulnayeem/.m2/repository/org/codehaus/plexus/plexus-component-annotations/1.5.5/plexus-component-annotations-1.5.5.jar:/Users/jannatulnayeem/.m2/repository/org/codehaus/plexus/plexus-classworlds/2.5.2/plexus-classworlds-2.5.2.jar:/Users/jannatulnayeem/.m2/repository/org/apache/maven/plugins/maven-gpg-plugin/1.6/maven-gpg-plugin-1.6.jar:/Users/jannatulnayeem/.m2/repository/org/apache/maven/maven-project/2.2.1/maven-project-2.2.1.jar:/Users/jannatulnayeem/.m2/repository/org/apache/maven/maven-settings/2.2.1/maven-settings-2.2.1.jar:/Users/jannatulnayeem/.m2/repository/org/apache/maven/maven-profile/2.2.1/maven-profile-2.2.1.jar:/Users/jannatulnayeem/.m2/repository/org/apache/maven/maven-artifact-manager/2.2.1/maven-artifact-manager-2.2.1.jar:/Users/jannatulnayeem/.m2/repository/org/apache/maven/wagon/wagon-provider-api/1.0-beta-6/wagon-provider-api-1.0-beta-6.jar:/Users/jannatulnayeem/.m2/repository/backport-util-concurrent/backport-util-concurrent/3.1/backport-util-concurrent-3.1.jar:/Users/jannatulnayeem/.m2/repository/org/apache/maven/maven-plugin-registry/2.2.1/maven-plugin-registry-2.2.1.jar:/Users/jannatulnayeem/.m2/repository/org/codehaus/plexus/plexus-interpolation/1.11/plexus-interpolation-1.11.jar:/Users/jannatulnayeem/.m2/repository/org/codehaus/plexus/plexus-container-default/1.0-alpha-9-stable-1/plexus-container-default-1.0-alpha-9-stable-1.jar:/Users/jannatulnayeem/.m2/repository/classworlds/classworlds/1.1-alpha-2/classworlds-1.1-alpha-2.jar:/Users/jannatulnayeem/.m2/repository/org/apache/maven/maven-repository-metadata/2.2.1/maven-repository-metadata-2.2.1.jar:/Users/jannatulnayeem/.m2/repository/org/codehaus/plexus/plexus-utils/3.0.20/plexus-utils-3.0.20.jar:/Users/jannatulnayeem/.m2/repository/org/sonatype/plexus/plexus-sec-dispatcher/1.4/plexus-sec-dispatcher-1.4.jar:/Users/jannatulnayeem/.m2/repository/org/sonatype/plexus/plexus-cipher/1.4/plexus-cipher-1.4.jar:/Users/jannatulnayeem/.m2/repository/net/masterthought/cucumber-reporting/2.8.0/cucumber-reporting-2.8.0.jar:/Users/jannatulnayeem/.m2/repository/org/apache/logging/log4j/log4j-api/2.6.2/log4j-api-2.6.2.jar:/Users/jannatulnayeem/.m2/repository/org/apache/logging/log4j/log4j-core/2.6.2/log4j-core-2.6.2.jar:/Users/jannatulnayeem/.m2/repository/com/fasterxml/jackson/core/jackson-databind/2.8.1/jackson-databind-2.8.1.jar:/Users/jannatulnayeem/.m2/repository/com/fasterxml/jackson/core/jackson-annotations/2.8.0/jackson-annotations-2.8.0.jar:/Users/jannatulnayeem/.m2/repository/com/fasterxml/jackson/core/jackson-core/2.8.1/jackson-core-2.8.1.jar:/Users/jannatulnayeem/.m2/repository/org/apache/velocity/velocity/1.7/velocity-1.7.jar:/Users/jannatulnayeem/.m2/repository/commons-collections/commons-collections/3.2.1/commons-collections-3.2.1.jar:/Users/jannatulnayeem/.m2/repository/commons-lang/commons-lang/2.4/commons-lang-2.4.jar:/Users/jannatulnayeem/.m2/repository/velocity-tools/velocity-tools/1.4/velocity-tools-1.4.jar:/Users/jannatulnayeem/.m2/repository/joda-time/joda-time/2.9.4/joda-time-2.9.4.jar:/Users/jannatulnayeem/.m2/repository/net/lingala/zip4j/zip4j/1.3.2/zip4j-1.3.2.jar:"/>
    <property name="java.vm.vendor" value="Homebrew"/>
    <property name="sun.arch.data.model" value="64"/>
    <property name="java.vendor.url" value="https://github.com/Homebrew/homebrew-core/issues"/>
    <property name="user.timezone" value="America/New_York"/>
    <property name="os.name" value="Mac OS X"/>
    <property name="java.vm.specification.version" value="17"/>
    <property name="sun.java.launcher" value="SUN_STANDARD"/>
    <property name="user.country" value="US"/>
    <property name="sun.boot.library.path" value="/usr/local/Cellar/openjdk/17.0.2/libexec/openjdk.jdk/Contents/Home/lib"/>
    <property name="sun.java.command" value="/Users/jannatulnayeem/Documents/QA_Automation/GitProject/CapitalOneBankBDDCucumberFramework_2022/CapitalOneBankBDDCucumberFramework_2022/target/surefire/surefirebooter1040065317079552307.jar /Users/jannatulnayeem/Documents/QA_Automation/GitProject/CapitalOneBankBDDCucumberFramework_2022/CapitalOneBankBDDCucumberFramework_2022/target/surefire 2022-02-14T12-13-58_117-jvmRun1 surefire10343651859082730586tmp surefire_07067586163853298054tmp"/>
    <property name="http.nonProxyHosts" value="local|*.local|169.254/16|*.169.254/16"/>
    <property name="jdk.debug" value="release"/>
    <property name="surefire.test.class.path" value="/Users/jannatulnayeem/Documents/QA_Automation/GitProject/CapitalOneBankBDDCucumberFramework_2022/CapitalOneBankBDDCucumberFramework_2022/target/test-classes:/Users/jannatulnayeem/Documents/QA_Automation/GitProject/CapitalOneBankBDDCucumberFramework_2022/CapitalOneBankBDDCucumberFramework_2022/target/classes:/Users/jannatulnayeem/.m2/repository/org/seleniumhq/selenium/selenium-java/3.141.59/selenium-java-3.141.59.jar:/Users/jannatulnayeem/.m2/repository/org/seleniumhq/selenium/selenium-api/3.141.59/selenium-api-3.141.59.jar:/Users/jannatulnayeem/.m2/repository/org/seleniumhq/selenium/selenium-chrome-driver/3.141.59/selenium-chrome-driver-3.141.59.jar:/Users/jannatulnayeem/.m2/repository/org/seleniumhq/selenium/selenium-edge-driver/3.141.59/selenium-edge-driver-3.141.59.jar:/Users/jannatulnayeem/.m2/repository/org/seleniumhq/selenium/selenium-firefox-driver/3.141.59/selenium-firefox-driver-3.141.59.jar:/Users/jannatulnayeem/.m2/repository/org/seleniumhq/selenium/selenium-ie-driver/3.141.59/selenium-ie-driver-3.141.59.jar:/Users/jannatulnayeem/.m2/repository/org/seleniumhq/selenium/selenium-opera-driver/3.141.59/selenium-opera-driver-3.141.59.jar:/Users/jannatulnayeem/.m2/repository/org/seleniumhq/selenium/selenium-remote-driver/3.141.59/selenium-remote-driver-3.141.59.jar:/Users/jannatulnayeem/.m2/repository/org/seleniumhq/selenium/selenium-safari-driver/3.141.59/selenium-safari-driver-3.141.59.jar:/Users/jannatulnayeem/.m2/repository/org/seleniumhq/selenium/selenium-support/3.141.59/selenium-support-3.141.59.jar:/Users/jannatulnayeem/.m2/repository/net/bytebuddy/byte-buddy/1.8.15/byte-buddy-1.8.15.jar:/Users/jannatulnayeem/.m2/repository/org/apache/commons/commons-exec/1.3/commons-exec-1.3.jar:/Users/jannatulnayeem/.m2/repository/com/google/guava/guava/25.0-jre/guava-25.0-jre.jar:/Users/jannatulnayeem/.m2/repository/com/google/code/findbugs/jsr305/1.3.9/jsr305-1.3.9.jar:/Users/jannatulnayeem/.m2/repository/org/checkerframework/checker-compat-qual/2.0.0/checker-compat-qual-2.0.0.jar:/Users/jannatulnayeem/.m2/repository/com/google/errorprone/error_prone_annotations/2.1.3/error_prone_annotations-2.1.3.jar:/Users/jannatulnayeem/.m2/repository/com/google/j2objc/j2objc-annotations/1.1/j2objc-annotations-1.1.jar:/Users/jannatulnayeem/.m2/repository/org/codehaus/mojo/animal-sniffer-annotations/1.14/animal-sniffer-annotations-1.14.jar:/Users/jannatulnayeem/.m2/repository/com/squareup/okhttp3/okhttp/3.11.0/okhttp-3.11.0.jar:/Users/jannatulnayeem/.m2/repository/com/squareup/okio/okio/1.14.0/okio-1.14.0.jar:/Users/jannatulnayeem/.m2/repository/io/cucumber/cucumber-java/6.10.0/cucumber-java-6.10.0.jar:/Users/jannatulnayeem/.m2/repository/io/cucumber/cucumber-core/6.10.0/cucumber-core-6.10.0.jar:/Users/jannatulnayeem/.m2/repository/io/cucumber/cucumber-gherkin/6.10.0/cucumber-gherkin-6.10.0.jar:/Users/jannatulnayeem/.m2/repository/io/cucumber/cucumber-gherkin-messages/6.10.0/cucumber-gherkin-messages-6.10.0.jar:/Users/jannatulnayeem/.m2/repository/io/cucumber/messages/14.0.1/messages-14.0.1.jar:/Users/jannatulnayeem/.m2/repository/io/cucumber/tag-expressions/3.0.0/tag-expressions-3.0.0.jar:/Users/jannatulnayeem/.m2/repository/io/cucumber/cucumber-expressions/10.3.0/cucumber-expressions-10.3.0.jar:/Users/jannatulnayeem/.m2/repository/io/cucumber/datatable/3.5.0/datatable-3.5.0.jar:/Users/jannatulnayeem/.m2/repository/io/cucumber/cucumber-plugin/6.10.0/cucumber-plugin-6.10.0.jar:/Users/jannatulnayeem/.m2/repository/io/cucumber/docstring/6.10.0/docstring-6.10.0.jar:/Users/jannatulnayeem/.m2/repository/io/cucumber/html-formatter/12.0.0/html-formatter-12.0.0.jar:/Users/jannatulnayeem/.m2/repository/io/cucumber/create-meta/3.0.0/create-meta-3.0.0.jar:/Users/jannatulnayeem/.m2/repository/org/apiguardian/apiguardian-api/1.1.1/apiguardian-api-1.1.1.jar:/Users/jannatulnayeem/.m2/repository/io/cucumber/cucumber-testng/6.10.0/cucumber-testng-6.10.0.jar:/Users/jannatulnayeem/.m2/repository/org/testng/testng/7.3.0/testng-7.3.0.jar:/Users/jannatulnayeem/.m2/repository/com/beust/jcommander/1.78/jcommander-1.78.jar:/Users/jannatulnayeem/.m2/repository/org/apache/ant/ant/1.10.3/ant-1.10.3.jar:/Users/jannatulnayeem/.m2/repository/org/apache/ant/ant-launcher/1.10.3/ant-launcher-1.10.3.jar:/Users/jannatulnayeem/.m2/repository/junit/junit/4.12/junit-4.12.jar:/Users/jannatulnayeem/.m2/repository/org/hamcrest/hamcrest-core/1.3/hamcrest-core-1.3.jar:/Users/jannatulnayeem/.m2/repository/com/google/inject/guice/4.2.2/guice-4.2.2-no_aop.jar:/Users/jannatulnayeem/.m2/repository/javax/inject/javax.inject/1/javax.inject-1.jar:/Users/jannatulnayeem/.m2/repository/aopalliance/aopalliance/1.0/aopalliance-1.0.jar:/Users/jannatulnayeem/.m2/repository/org/yaml/snakeyaml/1.21/snakeyaml-1.21.jar:/Users/jannatulnayeem/.m2/repository/io/github/bonigarcia/webdrivermanager/4.4.1/webdrivermanager-4.4.1.jar:/Users/jannatulnayeem/.m2/repository/org/slf4j/slf4j-api/1.7.30/slf4j-api-1.7.30.jar:/Users/jannatulnayeem/.m2/repository/commons-io/commons-io/2.8.0/commons-io-2.8.0.jar:/Users/jannatulnayeem/.m2/repository/com/google/code/gson/gson/2.8.6/gson-2.8.6.jar:/Users/jannatulnayeem/.m2/repository/org/apache/commons/commons-lang3/3.12.0/commons-lang3-3.12.0.jar:/Users/jannatulnayeem/.m2/repository/org/apache/httpcomponents/client5/httpclient5/5.0.3/httpclient5-5.0.3.jar:/Users/jannatulnayeem/.m2/repository/org/apache/httpcomponents/core5/httpcore5/5.0.2/httpcore5-5.0.2.jar:/Users/jannatulnayeem/.m2/repository/org/apache/httpcomponents/core5/httpcore5-h2/5.0.2/httpcore5-h2-5.0.2.jar:/Users/jannatulnayeem/.m2/repository/commons-codec/commons-codec/1.13/commons-codec-1.13.jar:/Users/jannatulnayeem/.m2/repository/org/rauschig/jarchivelib/1.1.0/jarchivelib-1.1.0.jar:/Users/jannatulnayeem/.m2/repository/org/apache/commons/commons-compress/1.20/commons-compress-1.20.jar:/Users/jannatulnayeem/.m2/repository/org/jsoup/jsoup/1.13.1/jsoup-1.13.1.jar:/Users/jannatulnayeem/.m2/repository/net/masterthought/maven-cucumber-reporting/2.8.0/maven-cucumber-reporting-2.8.0.jar:/Users/jannatulnayeem/.m2/repository/org/apache/maven/maven-plugin-api/3.3.9/maven-plugin-api-3.3.9.jar:/Users/jannatulnayeem/.m2/repository/org/apache/maven/maven-model/3.3.9/maven-model-3.3.9.jar:/Users/jannatulnayeem/.m2/repository/org/apache/maven/maven-artifact/3.3.9/maven-artifact-3.3.9.jar:/Users/jannatulnayeem/.m2/repository/org/eclipse/sisu/org.eclipse.sisu.plexus/0.3.2/org.eclipse.sisu.plexus-0.3.2.jar:/Users/jannatulnayeem/.m2/repository/javax/enterprise/cdi-api/1.0/cdi-api-1.0.jar:/Users/jannatulnayeem/.m2/repository/javax/annotation/jsr250-api/1.0/jsr250-api-1.0.jar:/Users/jannatulnayeem/.m2/repository/org/eclipse/sisu/org.eclipse.sisu.inject/0.3.2/org.eclipse.sisu.inject-0.3.2.jar:/Users/jannatulnayeem/.m2/repository/org/codehaus/plexus/plexus-component-annotations/1.5.5/plexus-component-annotations-1.5.5.jar:/Users/jannatulnayeem/.m2/repository/org/codehaus/plexus/plexus-classworlds/2.5.2/plexus-classworlds-2.5.2.jar:/Users/jannatulnayeem/.m2/repository/org/apache/maven/plugins/maven-gpg-plugin/1.6/maven-gpg-plugin-1.6.jar:/Users/jannatulnayeem/.m2/repository/org/apache/maven/maven-project/2.2.1/maven-project-2.2.1.jar:/Users/jannatulnayeem/.m2/repository/org/apache/maven/maven-settings/2.2.1/maven-settings-2.2.1.jar:/Users/jannatulnayeem/.m2/repository/org/apache/maven/maven-profile/2.2.1/maven-profile-2.2.1.jar:/Users/jannatulnayeem/.m2/repository/org/apache/maven/maven-artifact-manager/2.2.1/maven-artifact-manager-2.2.1.jar:/Users/jannatulnayeem/.m2/repository/org/apache/maven/wagon/wagon-provider-api/1.0-beta-6/wagon-provider-api-1.0-beta-6.jar:/Users/jannatulnayeem/.m2/repository/backport-util-concurrent/backport-util-concurrent/3.1/backport-util-concurrent-3.1.jar:/Users/jannatulnayeem/.m2/repository/org/apache/maven/maven-plugin-registry/2.2.1/maven-plugin-registry-2.2.1.jar:/Users/jannatulnayeem/.m2/repository/org/codehaus/plexus/plexus-interpolation/1.11/plexus-interpolation-1.11.jar:/Users/jannatulnayeem/.m2/repository/org/codehaus/plexus/plexus-container-default/1.0-alpha-9-stable-1/plexus-container-default-1.0-alpha-9-stable-1.jar:/Users/jannatulnayeem/.m2/repository/classworlds/classworlds/1.1-alpha-2/classworlds-1.1-alpha-2.jar:/Users/jannatulnayeem/.m2/repository/org/apache/maven/maven-repository-metadata/2.2.1/maven-repository-metadata-2.2.1.jar:/Users/jannatulnayeem/.m2/repository/org/codehaus/plexus/plexus-utils/3.0.20/plexus-utils-3.0.20.jar:/Users/jannatulnayeem/.m2/repository/org/sonatype/plexus/plexus-sec-dispatcher/1.4/plexus-sec-dispatcher-1.4.jar:/Users/jannatulnayeem/.m2/repository/org/sonatype/plexus/plexus-cipher/1.4/plexus-cipher-1.4.jar:/Users/jannatulnayeem/.m2/repository/net/masterthought/cucumber-reporting/2.8.0/cucumber-reporting-2.8.0.jar:/Users/jannatulnayeem/.m2/repository/org/apache/logging/log4j/log4j-api/2.6.2/log4j-api-2.6.2.jar:/Users/jannatulnayeem/.m2/repository/org/apache/logging/log4j/log4j-core/2.6.2/log4j-core-2.6.2.jar:/Users/jannatulnayeem/.m2/repository/com/fasterxml/jackson/core/jackson-databind/2.8.1/jackson-databind-2.8.1.jar:/Users/jannatulnayeem/.m2/repository/com/fasterxml/jackson/core/jackson-annotations/2.8.0/jackson-annotations-2.8.0.jar:/Users/jannatulnayeem/.m2/repository/com/fasterxml/jackson/core/jackson-core/2.8.1/jackson-core-2.8.1.jar:/Users/jannatulnayeem/.m2/repository/org/apache/velocity/velocity/1.7/velocity-1.7.jar:/Users/jannatulnayeem/.m2/repository/commons-collections/commons-collections/3.2.1/commons-collections-3.2.1.jar:/Users/jannatulnayeem/.m2/repository/commons-lang/commons-lang/2.4/commons-lang-2.4.jar:/Users/jannatulnayeem/.m2/repository/velocity-tools/velocity-tools/1.4/velocity-tools-1.4.jar:/Users/jannatulnayeem/.m2/repository/joda-time/joda-time/2.9.4/joda-time-2.9.4.jar:/Users/jannatulnayeem/.m2/repository/net/lingala/zip4j/zip4j/1.3.2/zip4j-1.3.2.jar:"/>
    <property name="sun.cpu.endian" value="little"/>
    <property name="user.home" value="/Users/jannatulnayeem"/>
    <property name="user.language" value="en"/>
    <property name="java.specification.vendor" value="Oracle Corporation"/>
    <property name="java.version.date" value="2022-01-18"/>
    <property name="java.home" value="/usr/local/Cellar/openjdk/17.0.2/libexec/openjdk.jdk/Contents/Home"/>
    <property name="file.separator" value="/"/>
    <property name="basedir" value="/Users/jannatulnayeem/Documents/QA_Automation/GitProject/CapitalOneBankBDDCucumberFramework_2022/CapitalOneBankBDDCucumberFramework_2022"/>
    <property name="java.vm.compressedOopsMode" value="Zero based"/>
    <property name="line.separator" value="&#10;"/>
    <property name="java.vm.specification.vendor" value="Oracle Corporation"/>
    <property name="java.specification.name" value="Java Platform API Specification"/>
    <property name="surefire.real.class.path" value="/Users/jannatulnayeem/Documents/QA_Automation/GitProject/CapitalOneBankBDDCucumberFramework_2022/CapitalOneBankBDDCucumberFramework_2022/target/surefire/surefirebooter1040065317079552307.jar"/>
    <property name="sun.management.compiler" value="HotSpot 64-Bit Tiered Compilers"/>
    <property name="ftp.nonProxyHosts" value="local|*.local|169.254/16|*.169.254/16"/>
    <property name="java.runtime.version" value="17.0.2+0"/>
    <property name="user.name" value="jannatulnayeem"/>
    <property name="path.separator" value=":"/>
    <property name="os.version" value="11.6"/>
    <property name="java.runtime.name" value="OpenJDK Runtime Environment"/>
    <property name="file.encoding" value="UTF-8"/>
    <property name="browser" value="ch"/>
    <property name="java.vm.name" value="OpenJDK 64-Bit Server VM"/>
    <property name="java.vendor.version" value="Homebrew"/>
    <property name="localRepository" value="/Users/jannatulnayeem/.m2/repository"/>
    <property name="java.vendor.url.bug" value="https://github.com/Homebrew/homebrew-core/issues"/>
    <property name="java.io.tmpdir" value="/var/folders/4f/ct50_7bx2x5chdr7zwq04zxm0000gn/T/"/>
    <property name="java.version" value="17.0.2"/>
    <property name="user.dir" value="/Users/jannatulnayeem/Documents/QA_Automation/GitProject/CapitalOneBankBDDCucumberFramework_2022/CapitalOneBankBDDCucumberFramework_2022"/>
    <property name="os.arch" value="x86_64"/>
    <property name="java.vm.specification.name" value="Java Virtual Machine Specification"/>
    <property name="env" value="prod"/>
    <property name="native.encoding" value="UTF-8"/>
    <property name="java.library.path" value="/Users/jannatulnayeem/Library/Java/Extensions:/Library/Java/Extensions:/Network/Library/Java/Extensions:/System/Library/Java/Extensions:/usr/lib/java:."/>
    <property name="java.vm.info" value="mixed mode, sharing"/>
    <property name="java.vendor" value="Homebrew"/>
    <property name="java.vm.version" value="17.0.2+0"/>
    <property name="sun.io.unicode.encoding" value="UnicodeBig"/>
    <property name="socksNonProxyHosts" value="local|*.local|169.254/16|*.169.254/16"/>
    <property name="java.class.version" value="61.0"/>
  </properties>
  <testcase name="runScenario[&quot;login with valid credential&quot;, &quot;Optional[Login feature test]&quot;](1)" classname="TestRunner" time="17.911">
    <system-out><![CDATA[You are in the right page
User should not be able to login successfully
Test report will generate successfully under target folder
Oops!
Okay button clicked
Return to page--> Sign In
]]></system-out>
    <system-err><![CDATA[SLF4J: Failed to load class "org.slf4j.impl.StaticLoggerBinder".
SLF4J: Defaulting to no-operation (NOP) logger implementation
SLF4J: See http://www.slf4j.org/codes.html#StaticLoggerBinder for further details.
Starting ChromeDriver 98.0.4758.80 (7f0488e8ba0d8e019187c6325a16c29d9b7f4989-refs/branch-heads/4758@{#972}) on port 18665
Only local connections are allowed.
Please see https://chromedriver.chromium.org/security-considerations for suggestions on keeping ChromeDriver safe.
ChromeDriver was started successfully.
Feb 14, 2022 12:14:05 PM org.openqa.selenium.remote.ProtocolHandshake createSession
INFO: Detected dialect: W3C
]]></system-err>
  </testcase>
</testsuite>