<?xml version="1.0" encoding="UTF-8"?>
<!-- Generated by org.testng.reporters.JUnitReportReporter -->
<testsuite hostname="Jannats-Air.fios-router.home" failures="0" tests="1" name="TestRunner" time="17.886" errors="0" timestamp="2022-02-14T12:14:18 EST" skipped="0">
  <testcase classname="TestRunner" name="runScenario" time="17.886"/>
  <system-out/>
</testsuite> <!-- TestRunner -->
